#-----------------------------------------------------------
# Vivado v2019.1 (64-bit)
# SW Build 2552052 on Fri May 24 14:49:42 MDT 2019
# IP Build 2548770 on Fri May 24 18:01:18 MDT 2019
# Start of session at: Tue Nov  2 01:21:16 2021
# Process ID: 15708
# Current directory: C:/Users/ABIOLA/Desktop/VHDL_READY/IASM_LAB_2
# Command line: vivado.exe -gui_launcher_event rodinguilauncherevent15616 C:\Users\ABIOLA\Desktop\VHDL_READY\IASM_LAB_2\IASM_LAB_2.xpr
# Log file: C:/Users/ABIOLA/Desktop/VHDL_READY/IASM_LAB_2/vivado.log
# Journal file: C:/Users/ABIOLA/Desktop/VHDL_READY/IASM_LAB_2\vivado.jou
#-----------------------------------------------------------
start_gui
open_project C:/Users/ABIOLA/Desktop/VHDL_READY/IASM_LAB_2/IASM_LAB_2.xpr
Scanning sources...
Finished scanning sources
INFO: [IP_Flow 19-234] Refreshing IP repositories
INFO: [IP_Flow 19-1704] No user IP repositories specified
INFO: [IP_Flow 19-2313] Loaded Vivado IP repository 'C:/Xilinx/Vivado/2019.1/data/ip'.
open_project: Time (s): cpu = 00:00:25 ; elapsed = 00:00:10 . Memory (MB): peak = 700.648 ; gain = 68.398
update_compile_order -fileset sources_1
exit
INFO: [Common 17-206] Exiting Vivado at Tue Nov  2 01:22:37 2021...
